InnoDB: using atomic writes.
2021-03-11 11:20:42 0 [Note] InnoDB: Mutexes and rw_locks use Windows interlocked functions
2021-03-11 11:20:42 0 [Note] InnoDB: Uses event mutexes
2021-03-11 11:20:42 0 [Note] InnoDB: Compressed tables use zlib 1.2.11
2021-03-11 11:20:42 0 [Note] InnoDB: Number of pools: 1
2021-03-11 11:20:42 0 [Note] InnoDB: Using SSE2 crc32 instructions
2021-03-11 11:20:42 0 [Note] InnoDB: Initializing buffer pool, total size = 16M, instances = 1, chunk size = 16M
2021-03-11 11:20:42 0 [Note] InnoDB: Completed initialization of buffer pool
2021-03-11 11:20:42 0 [Note] InnoDB: Starting crash recovery from checkpoint LSN=300288
2021-03-11 11:20:42 0 [Note] InnoDB: 128 out of 128 rollback segments are active.
2021-03-11 11:22:32 0 [ERROR] InnoDB: Operating system error number 5 in a file operation.
2021-03-11 11:22:32 0 [ERROR] InnoDB: The error means mysqld does not have the access rights to the directory. It may also be you have created a subdirectory of the same name as a data file.
2021-03-11 11:22:32 0 [Warning] InnoDB: Delete of file 'D:\Program\XAMPP\mysql\data\ibtmp1' failed.
2021-03-11 11:22:42 0 [ERROR] InnoDB: Operating system error number 5 in a file operation.
2021-03-11 11:22:42 0 [ERROR] InnoDB: The error means mysqld does not have the access rights to the directory. It may also be you have created a subdirectory of the same name as a data file.
2021-03-11 11:22:42 0 [Warning] InnoDB: Delete of file 'D:\Program\XAMPP\mysql\data\ibtmp1' failed.
2021-03-11 11:22:52 0 [ERROR] InnoDB: Operating system error number 5 in a file operation.
2021-03-11 11:22:52 0 [ERROR] InnoDB: The error means mysqld does not have the access rights to the directory. It may also be you have created a subdirectory of the same name as a data file.
2021-03-11 11:22:52 0 [Warning] InnoDB: Delete of file 'D:\Program\XAMPP\mysql\data\ibtmp1' failed.
2021-03-11 11:23:03 0 [ERROR] InnoDB: Operating system error number 5 in a file operation.
2021-03-11 11:23:03 0 [ERROR] InnoDB: The error means mysqld does not have the access rights to the directory. It may also be you have created a subdirectory of the same name as a data file.
2021-03-11 11:23:03 0 [Warning] InnoDB: Delete of file 'D:\Program\XAMPP\mysql\data\ibtmp1' failed.
2021-03-11 11:23:13 0 [ERROR] InnoDB: Operating system error number 5 in a file operation.
2021-03-11 11:23:13 0 [ERROR] InnoDB: The error means mysqld does not have the access rights to the directory. It may also be you have created a subdirectory of the same name as a data file.
2021-03-11 11:23:13 0 [Warning] InnoDB: Delete of file 'D:\Program\XAMPP\mysql\data\ibtmp1' failed.
2021-03-11 11:23:23 0 [ERROR] InnoDB: Operating system error number 5 in a file operation.
2021-03-11 11:23:23 0 [ERROR] InnoDB: The error means mysqld does not have the access rights to the directory. It may also be you have created a subdirectory of the same name as a data file.
2021-03-11 11:23:23 0 [Warning] InnoDB: Delete of file 'D:\Program\XAMPP\mysql\data\ibtmp1' failed.
2021-03-11 11:23:33 0 [ERROR] InnoDB: Operating system error number 5 in a file operation.
2021-03-11 11:23:33 0 [ERROR] InnoDB: The error means mysqld does not have the access rights to the directory. It may also be you have created a subdirectory of the same name as a data file.
2021-03-11 11:23:33 0 [Warning] InnoDB: Delete of file 'D:\Program\XAMPP\mysql\data\ibtmp1' failed.
2021-03-11 11:23:43 0 [ERROR] InnoDB: Operating system error number 5 in a file operation.
2021-03-11 11:23:43 0 [ERROR] InnoDB: The error means mysqld does not have the access rights to the directory. It may also be you have created a subdirectory of the same name as a data file.
2021-03-11 11:23:43 0 [Warning] InnoDB: Delete of file 'D:\Program\XAMPP\mysql\data\ibtmp1' failed.
2021-03-11 11:23:53 0 [ERROR] InnoDB: Operating system error number 5 in a file operation.
2021-03-11 11:23:53 0 [ERROR] InnoDB: The error means mysqld does not have the access rights to the directory. It may also be you have created a subdirectory of the same name as a data file.
2021-03-11 11:23:53 0 [Warning] InnoDB: Delete of file 'D:\Program\XAMPP\mysql\data\ibtmp1' failed.
2021-03-11 11:24:03 0 [ERROR] InnoDB: Operating system error number 5 in a file operation.
2021-03-11 11:24:03 0 [ERROR] InnoDB: The error means mysqld does not have the access rights to the directory. It may also be you have created a subdirectory of the same name as a data file.
2021-03-11 11:24:03 0 [Warning] InnoDB: Delete of file 'D:\Program\XAMPP\mysql\data\ibtmp1' failed.
2021-03-11 11:24:13 0 [ERROR] InnoDB: Operating system error number 5 in a file operation.
2021-03-11 11:24:13 0 [ERROR] InnoDB: The error means mysqld does not have the access rights to the directory. It may also be you have created a subdirectory of the same name as a data file.
2021-03-11 11:24:13 0 [Warning] InnoDB: Delete of file 'D:\Program\XAMPP\mysql\data\ibtmp1' failed.
2021-03-11 11:24:23 0 [ERROR] InnoDB: Operating system error number 5 in a file operation.
2021-03-11 11:24:23 0 [ERROR] InnoDB: The error means mysqld does not have the access rights to the directory. It may also be you have created a subdirectory of the same name as a data file.
2021-03-11 11:24:23 0 [Warning] InnoDB: Delete of file 'D:\Program\XAMPP\mysql\data\ibtmp1' failed.
2021-03-11 11:24:33 0 [ERROR] InnoDB: Operating system error number 5 in a file operation.
2021-03-11 11:24:33 0 [ERROR] InnoDB: The error means mysqld does not have the access rights to the directory. It may also be you have created a subdirectory of the same name as a data file.
2021-03-11 11:24:33 0 [Warning] InnoDB: Delete of file 'D:\Program\XAMPP\mysql\data\ibtmp1' failed.
2021-03-11 11:24:44 0 [ERROR] InnoDB: Operating system error number 5 in a file operation.
2021-03-11 11:24:44 0 [ERROR] InnoDB: The error means mysqld does not have the access rights to the directory. It may also be you have created a subdirectory of the same name as a data file.
2021-03-11 11:24:44 0 [Warning] InnoDB: Delete of file 'D:\Program\XAMPP\mysql\data\ibtmp1' failed.
2021-03-11 11:24:54 0 [ERROR] InnoDB: Operating system error number 5 in a file operation.
2021-03-11 11:24:54 0 [ERROR] InnoDB: The error means mysqld does not have the access rights to the directory. It may also be you have created a subdirectory of the same name as a data file.
2021-03-11 11:24:54 0 [Warning] InnoDB: Delete of file 'D:\Program\XAMPP\mysql\data\ibtmp1' failed.
2021-03-11 11:25:04 0 [ERROR] InnoDB: Operating system error number 5 in a file operation.
2021-03-11 11:25:04 0 [ERROR] InnoDB: The error means mysqld does not have the access rights to the directory. It may also be you have created a subdirectory of the same name as a data file.
2021-03-11 11:25:04 0 [Warning] InnoDB: Delete of file 'D:\Program\XAMPP\mysql\data\ibtmp1' failed.
2021-03-11 11:25:14 0 [ERROR] InnoDB: Operating system error number 5 in a file operation.
2021-03-11 11:25:14 0 [ERROR] InnoDB: The error means mysqld does not have the access rights to the directory. It may also be you have created a subdirectory of the same name as a data file.
2021-03-11 11:25:14 0 [Warning] InnoDB: Delete of file 'D:\Program\XAMPP\mysql\data\ibtmp1' failed.
2021-03-11 11:25:24 0 [ERROR] InnoDB: Operating system error number 5 in a file operation.
2021-03-11 11:25:24 0 [ERROR] InnoDB: The error means mysqld does not have the access rights to the directory. It may also be you have created a subdirectory of the same name as a data file.
2021-03-11 11:25:24 0 [Warning] InnoDB: Delete of file 'D:\Program\XAMPP\mysql\data\ibtmp1' failed.
2021-03-11 11:25:34 0 [ERROR] InnoDB: Operating system error number 5 in a file operation.
2021-03-11 11:25:34 0 [ERROR] InnoDB: The error means mysqld does not have the access rights to the directory. It may also be you have created a subdirectory of the same name as a data file.
2021-03-11 11:25:34 0 [Warning] InnoDB: Delete of file 'D:\Program\XAMPP\mysql\data\ibtmp1' failed.
2021-03-11 11:25:44 0 [ERROR] InnoDB: Operating system error number 5 in a file operation.
2021-03-11 11:25:44 0 [ERROR] InnoDB: The error means mysqld does not have the access rights to the directory. It may also be you have created a subdirectory of the same name as a data file.
2021-03-11 11:25:44 0 [Warning] InnoDB: Delete of file 'D:\Program\XAMPP\mysql\data\ibtmp1' failed.
2021-03-11 11:25:54 0 [ERROR] InnoDB: Operating system error number 5 in a file operation.
2021-03-11 11:25:54 0 [ERROR] InnoDB: The error means mysqld does not have the access rights to the directory. It may also be you have created a subdirectory of the same name as a data file.
2021-03-11 11:25:54 0 [Warning] InnoDB: Delete of file 'D:\Program\XAMPP\mysql\data\ibtmp1' failed.
2021-03-11 11:26:04 0 [ERROR] InnoDB: Operating system error number 5 in a file operation.
2021-03-11 11:26:04 0 [ERROR] InnoDB: The error means mysqld does not have the access rights to the directory. It may also be you have created a subdirectory of the same name as a data file.
2021-03-11 11:26:04 0 [Warning] InnoDB: Delete of file 'D:\Program\XAMPP\mysql\data\ibtmp1' failed.
2021-03-11 11:26:14 0 [ERROR] InnoDB: Operating system error number 5 in a file operation.
2021-03-11 11:26:14 0 [ERROR] InnoDB: The error means mysqld does not have the access rights to the directory. It may also be you have created a subdirectory of the same name as a data file.
2021-03-11 11:26:14 0 [Warning] InnoDB: Delete of file 'D:\Program\XAMPP\mysql\data\ibtmp1' failed.
2021-03-11 11:26:25 0 [ERROR] InnoDB: Operating system error number 5 in a file operation.
2021-03-11 11:26:25 0 [ERROR] InnoDB: The error means mysqld does not have the access rights to the directory. It may also be you have created a subdirectory of the same name as a data file.
2021-03-11 11:26:25 0 [Warning] InnoDB: Delete of file 'D:\Program\XAMPP\mysql\data\ibtmp1' failed.
2021-03-11 11:26:35 0 [ERROR] InnoDB: Operating system error number 5 in a file operation.
2021-03-11 11:26:35 0 [ERROR] InnoDB: The error means mysqld does not have the access rights to the directory. It may also be you have created a subdirectory of the same name as a data file.
2021-03-11 11:26:35 0 [Warning] InnoDB: Delete of file 'D:\Program\XAMPP\mysql\data\ibtmp1' failed.
2021-03-11 11:26:45 0 [ERROR] InnoDB: Operating system error number 5 in a file operation.
2021-03-11 11:26:45 0 [ERROR] InnoDB: The error means mysqld does not have the access rights to the directory. It may also be you have created a subdirectory of the same name as a data file.
2021-03-11 11:26:45 0 [Warning] InnoDB: Delete of file 'D:\Program\XAMPP\mysql\data\ibtmp1' failed.
2021-03-11 11:26:55 0 [ERROR] InnoDB: Operating system error number 5 in a file operation.
2021-03-11 11:26:55 0 [ERROR] InnoDB: The error means mysqld does not have the access rights to the directory. It may also be you have created a subdirectory of the same name as a data file.
2021-03-11 11:26:55 0 [Warning] InnoDB: Delete of file 'D:\Program\XAMPP\mysql\data\ibtmp1' failed.
2021-03-11 11:27:05 0 [ERROR] InnoDB: Operating system error number 5 in a file operation.
2021-03-11 11:27:05 0 [ERROR] InnoDB: The error means mysqld does not have the access rights to the directory. It may also be you have created a subdirectory of the same name as a data file.
2021-03-11 11:27:05 0 [Warning] InnoDB: Delete of file 'D:\Program\XAMPP\mysql\data\ibtmp1' failed.
2021-03-11 11:27:15 0 [ERROR] InnoDB: Operating system error number 5 in a file operation.
2021-03-11 11:27:15 0 [ERROR] InnoDB: The error means mysqld does not have the access rights to the directory. It may also be you have created a subdirectory of the same name as a data file.
2021-03-11 11:27:15 0 [Warning] InnoDB: Delete of file 'D:\Program\XAMPP\mysql\data\ibtmp1' failed.
2021-03-11 11:27:25 0 [ERROR] InnoDB: Operating system error number 5 in a file operation.
2021-03-11 11:27:25 0 [ERROR] InnoDB: The error means mysqld does not have the access rights to the directory. It may also be you have created a subdirectory of the same name as a data file.
2021-03-11 11:27:25 0 [Warning] InnoDB: Delete of file 'D:\Program\XAMPP\mysql\data\ibtmp1' failed.
2021-03-11 11:27:35 0 [ERROR] InnoDB: Operating system error number 5 in a file operation.
2021-03-11 11:27:35 0 [ERROR] InnoDB: The error means mysqld does not have the access rights to the directory. It may also be you have created a subdirectory of the same name as a data file.
2021-03-11 11:27:35 0 [Warning] InnoDB: Delete of file 'D:\Program\XAMPP\mysql\data\ibtmp1' failed.
2021-03-11 11:27:45 0 [ERROR] InnoDB: Operating system error number 5 in a file operation.
2021-03-11 11:27:45 0 [ERROR] InnoDB: The error means mysqld does not have the access rights to the directory. It may also be you have created a subdirectory of the same name as a data file.
2021-03-11 11:27:45 0 [Warning] InnoDB: Delete of file 'D:\Program\XAMPP\mysql\data\ibtmp1' failed.
2021-03-11 11:27:55 0 [ERROR] InnoDB: Operating system error number 5 in a file operation.
2021-03-11 11:27:55 0 [ERROR] InnoDB: The error means mysqld does not have the access rights to the directory. It may also be you have created a subdirectory of the same name as a data file.
2021-03-11 11:27:55 0 [Warning] InnoDB: Delete of file 'D:\Program\XAMPP\mysql\data\ibtmp1' failed.
2021-03-11 11:28:05 0 [ERROR] InnoDB: Operating system error number 5 in a file operation.
2021-03-11 11:28:05 0 [ERROR] InnoDB: The error means mysqld does not have the access rights to the directory. It may also be you have created a subdirectory of the same name as a data file.
2021-03-11 11:28:05 0 [Warning] InnoDB: Delete of file 'D:\Program\XAMPP\mysql\data\ibtmp1' failed.
2021-03-11 11:28:16 0 [ERROR] InnoDB: Operating system error number 5 in a file operation.
2021-03-11 11:28:16 0 [ERROR] InnoDB: The error means mysqld does not have the access rights to the directory. It may also be you have created a subdirectory of the same name as a data file.
2021-03-11 11:28:16 0 [Warning] InnoDB: Delete of file 'D:\Program\XAMPP\mysql\data\ibtmp1' failed.
2021-03-11 11:28:26 0 [ERROR] InnoDB: Operating system error number 5 in a file operation.
2021-03-11 11:28:26 0 [ERROR] InnoDB: The error means mysqld does not have the access rights to the directory. It may also be you have created a subdirectory of the same name as a data file.
2021-03-11 11:28:26 0 [Warning] InnoDB: Delete of file 'D:\Program\XAMPP\mysql\data\ibtmp1' failed.
2021-03-11 11:28:36 0 [ERROR] InnoDB: Operating system error number 5 in a file operation.
2021-03-11 11:28:36 0 [ERROR] InnoDB: The error means mysqld does not have the access rights to the directory. It may also be you have created a subdirectory of the same name as a data file.
2021-03-11 11:28:36 0 [Warning] InnoDB: Delete of file 'D:\Program\XAMPP\mysql\data\ibtmp1' failed.
2021-03-11 11:28:46 0 [ERROR] InnoDB: Operating system error number 5 in a file operation.
2021-03-11 11:28:46 0 [ERROR] InnoDB: The error means mysqld does not have the access rights to the directory. It may also be you have created a subdirectory of the same name as a data file.
2021-03-11 11:28:46 0 [Warning] InnoDB: Delete of file 'D:\Program\XAMPP\mysql\data\ibtmp1' failed.
2021-03-11 11:28:56 0 [ERROR] InnoDB: Operating system error number 5 in a file operation.
2021-03-11 11:28:56 0 [ERROR] InnoDB: The error means mysqld does not have the access rights to the directory. It may also be you have created a subdirectory of the same name as a data file.
2021-03-11 11:28:56 0 [Warning] InnoDB: Delete of file 'D:\Program\XAMPP\mysql\data\ibtmp1' failed.
2021-03-11 11:29:06 0 [ERROR] InnoDB: Operating system error number 5 in a file operation.
2021-03-11 11:29:06 0 [ERROR] InnoDB: The error means mysqld does not have the access rights to the directory. It may also be you have created a subdirectory of the same name as a data file.
2021-03-11 11:29:06 0 [Warning] InnoDB: Delete of file 'D:\Program\XAMPP\mysql\data\ibtmp1' failed.
2021-03-11 11:29:16 0 [ERROR] InnoDB: Operating system error number 5 in a file operation.
2021-03-11 11:29:16 0 [ERROR] InnoDB: The error means mysqld does not have the access rights to the directory. It may also be you have created a subdirectory of the same name as a data file.
2021-03-11 11:29:16 0 [Warning] InnoDB: Delete of file 'D:\Program\XAMPP\mysql\data\ibtmp1' failed.
2021-03-11 11:29:26 0 [ERROR] InnoDB: Operating system error number 5 in a file operation.
2021-03-11 11:29:26 0 [ERROR] InnoDB: The error means mysqld does not have the access rights to the directory. It may also be you have created a subdirectory of the same name as a data file.
2021-03-11 11:29:26 0 [Warning] InnoDB: Delete of file 'D:\Program\XAMPP\mysql\data\ibtmp1' failed.
2021-03-11 11:29:36 0 [ERROR] InnoDB: Operating system error number 5 in a file operation.
2021-03-11 11:29:36 0 [ERROR] InnoDB: The error means mysqld does not have the access rights to the directory. It may also be you have created a subdirectory of the same name as a data file.
2021-03-11 11:29:36 0 [Warning] InnoDB: Delete of file 'D:\Program\XAMPP\mysql\data\ibtmp1' failed.
2021-03-11 11:29:46 0 [ERROR] InnoDB: Operating system error number 5 in a file operation.
2021-03-11 11:29:46 0 [ERROR] InnoDB: The error means mysqld does not have the access rights to the directory. It may also be you have created a subdirectory of the same name as a data file.
2021-03-11 11:29:46 0 [Warning] InnoDB: Delete of file 'D:\Program\XAMPP\mysql\data\ibtmp1' failed.
2021-03-11 11:29:57 0 [ERROR] InnoDB: Operating system error number 5 in a file operation.
2021-03-11 11:29:57 0 [ERROR] InnoDB: The error means mysqld does not have the access rights to the directory. It may also be you have created a subdirectory of the same name as a data file.
2021-03-11 11:29:57 0 [Warning] InnoDB: Delete of file 'D:\Program\XAMPP\mysql\data\ibtmp1' failed.
2021-03-11 11:30:07 0 [ERROR] InnoDB: Operating system error number 5 in a file operation.
2021-03-11 11:30:07 0 [ERROR] InnoDB: The error means mysqld does not have the access rights to the directory. It may also be you have created a subdirectory of the same name as a data file.
2021-03-11 11:30:07 0 [Warning] InnoDB: Delete of file 'D:\Program\XAMPP\mysql\data\ibtmp1' failed.
2021-03-11 11:30:17 0 [ERROR] InnoDB: Operating system error number 5 in a file operation.
2021-03-11 11:30:17 0 [ERROR] InnoDB: The error means mysqld does not have the access rights to the directory. It may also be you have created a subdirectory of the same name as a data file.
2021-03-11 11:30:17 0 [Warning] InnoDB: Delete of file 'D:\Program\XAMPP\mysql\data\ibtmp1' failed.
2021-03-11 11:30:27 0 [ERROR] InnoDB: Operating system error number 5 in a file operation.
2021-03-11 11:30:27 0 [ERROR] InnoDB: The error means mysqld does not have the access rights to the directory. It may also be you have created a subdirectory of the same name as a data file.
2021-03-11 11:30:27 0 [Warning] InnoDB: Delete of file 'D:\Program\XAMPP\mysql\data\ibtmp1' failed.
2021-03-11 11:30:37 0 [ERROR] InnoDB: Operating system error number 5 in a file operation.
2021-03-11 11:30:37 0 [ERROR] InnoDB: The error means mysqld does not have the access rights to the directory. It may also be you have created a subdirectory of the same name as a data file.
2021-03-11 11:30:37 0 [Warning] InnoDB: Delete of file 'D:\Program\XAMPP\mysql\data\ibtmp1' failed.
2021-03-11 11:30:47 0 [ERROR] InnoDB: Operating system error number 5 in a file operation.
2021-03-11 11:30:47 0 [ERROR] InnoDB: The error means mysqld does not have the access rights to the directory. It may also be you have created a subdirectory of the same name as a data file.
2021-03-11 11:30:47 0 [Warning] InnoDB: Delete of file 'D:\Program\XAMPP\mysql\data\ibtmp1' failed.
2021-03-11 11:30:57 0 [ERROR] InnoDB: Operating system error number 5 in a file operation.
2021-03-11 11:30:57 0 [ERROR] InnoDB: The error means mysqld does not have the access rights to the directory. It may also be you have created a subdirectory of the same name as a data file.
2021-03-11 11:30:57 0 [Warning] InnoDB: Delete of file 'D:\Program\XAMPP\mysql\data\ibtmp1' failed.
2021-03-11 11:31:07 0 [ERROR] InnoDB: Operating system error number 5 in a file operation.
2021-03-11 11:31:07 0 [ERROR] InnoDB: The error means mysqld does not have the access rights to the directory. It may also be you have created a subdirectory of the same name as a data file.
2021-03-11 11:31:07 0 [Warning] InnoDB: Delete of file 'D:\Program\XAMPP\mysql\data\ibtmp1' failed.
2021-03-11 11:31:17 0 [ERROR] InnoDB: Operating system error number 5 in a file operation.
2021-03-11 11:31:17 0 [ERROR] InnoDB: The error means mysqld does not have the access rights to the directory. It may also be you have created a subdirectory of the same name as a data file.
2021-03-11 11:31:17 0 [Warning] InnoDB: Delete of file 'D:\Program\XAMPP\mysql\data\ibtmp1' failed.
2021-03-11 11:31:27 0 [ERROR] InnoDB: Operating system error number 5 in a file operation.
2021-03-11 11:31:27 0 [ERROR] InnoDB: The error means mysqld does not have the access rights to the directory. It may also be you have created a subdirectory of the same name as a data file.
2021-03-11 11:31:27 0 [Warning] InnoDB: Delete of file 'D:\Program\XAMPP\mysql\data\ibtmp1' failed.
2021-03-11 11:31:38 0 [ERROR] InnoDB: Operating system error number 5 in a file operation.
2021-03-11 11:31:38 0 [ERROR] InnoDB: The error means mysqld does not have the access rights to the directory. It may also be you have created a subdirectory of the same name as a data file.
2021-03-11 11:31:38 0 [Warning] InnoDB: Delete of file 'D:\Program\XAMPP\mysql\data\ibtmp1' failed.
2021-03-11 11:31:48 0 [ERROR] InnoDB: Operating system error number 5 in a file operation.
2021-03-11 11:31:48 0 [ERROR] InnoDB: The error means mysqld does not have the access rights to the directory. It may also be you have created a subdirectory of the same name as a data file.
2021-03-11 11:31:48 0 [Warning] InnoDB: Delete of file 'D:\Program\XAMPP\mysql\data\ibtmp1' failed.
2021-03-11 11:31:58 0 [ERROR] InnoDB: Operating system error number 5 in a file operation.
2021-03-11 11:31:58 0 [ERROR] InnoDB: The error means mysqld does not have the access rights to the directory. It may also be you have created a subdirectory of the same name as a data file.
2021-03-11 11:31:58 0 [Warning] InnoDB: Delete of file 'D:\Program\XAMPP\mysql\data\ibtmp1' failed.
2021-03-11 11:32:08 0 [ERROR] InnoDB: Operating system error number 5 in a file operation.
2021-03-11 11:32:08 0 [ERROR] InnoDB: The error means mysqld does not have the access rights to the directory. It may also be you have created a subdirectory of the same name as a data file.
2021-03-11 11:32:08 0 [Warning] InnoDB: Delete of file 'D:\Program\XAMPP\mysql\data\ibtmp1' failed.
2021-03-11 11:32:18 0 [ERROR] InnoDB: Operating system error number 5 in a file operation.
2021-03-11 11:32:18 0 [ERROR] InnoDB: The error means mysqld does not have the access rights to the directory. It may also be you have created a subdirectory of the same name as a data file.
2021-03-11 11:32:18 0 [Warning] InnoDB: Delete of file 'D:\Program\XAMPP\mysql\data\ibtmp1' failed.
2021-03-11 11:32:28 0 [ERROR] InnoDB: Operating system error number 5 in a file operation.
2021-03-11 11:32:28 0 [ERROR] InnoDB: The error means mysqld does not have the access rights to the directory. It may also be you have created a subdirectory of the same name as a data file.
2021-03-11 11:32:28 0 [Warning] InnoDB: Delete of file 'D:\Program\XAMPP\mysql\data\ibtmp1' failed.
2021-03-11 11:32:38 0 [ERROR] InnoDB: Operating system error number 5 in a file operation.
2021-03-11 11:32:38 0 [ERROR] InnoDB: The error means mysqld does not have the access rights to the directory. It may also be you have created a subdirectory of the same name as a data file.
2021-03-11 11:32:38 0 [Warning] InnoDB: Delete of file 'D:\Program\XAMPP\mysql\data\ibtmp1' failed.
2021-03-11 11:32:48 0 [ERROR] InnoDB: Operating system error number 5 in a file operation.
2021-03-11 11:32:48 0 [ERROR] InnoDB: The error means mysqld does not have the access rights to the directory. It may also be you have created a subdirectory of the same name as a data file.
2021-03-11 11:32:48 0 [Warning] InnoDB: Delete of file 'D:\Program\XAMPP\mysql\data\ibtmp1' failed.
2021-03-11 11:32:58 0 [ERROR] InnoDB: Operating system error number 5 in a file operation.
2021-03-11 11:32:58 0 [ERROR] InnoDB: The error means mysqld does not have the access rights to the directory. It may also be you have created a subdirectory of the same name as a data file.
2021-03-11 11:32:58 0 [Warning] InnoDB: Delete of file 'D:\Program\XAMPP\mysql\data\ibtmp1' failed.
2021-03-11 11:33:08 0 [ERROR] InnoDB: Operating system error number 5 in a file operation.
2021-03-11 11:33:08 0 [ERROR] InnoDB: The error means mysqld does not have the access rights to the directory. It may also be you have created a subdirectory of the same name as a data file.
2021-03-11 11:33:08 0 [Warning] InnoDB: Delete of file 'D:\Program\XAMPP\mysql\data\ibtmp1' failed.
2021-03-11 11:33:19 0 [ERROR] InnoDB: Operating system error number 5 in a file operation.
2021-03-11 11:33:19 0 [ERROR] InnoDB: The error means mysqld does not have the access rights to the directory. It may also be you have created a subdirectory of the same name as a data file.
2021-03-11 11:33:19 0 [Warning] InnoDB: Delete of file 'D:\Program\XAMPP\mysql\data\ibtmp1' failed.
2021-03-11 11:33:29 0 [ERROR] InnoDB: Operating system error number 5 in a file operation.
2021-03-11 11:33:29 0 [ERROR] InnoDB: The error means mysqld does not have the access rights to the directory. It may also be you have created a subdirectory of the same name as a data file.
2021-03-11 11:33:29 0 [Warning] InnoDB: Delete of file 'D:\Program\XAMPP\mysql\data\ibtmp1' failed.
2021-03-11 11:33:39 0 [ERROR] InnoDB: Operating system error number 5 in a file operation.
2021-03-11 11:33:39 0 [ERROR] InnoDB: The error means mysqld does not have the access rights to the directory. It may also be you have created a subdirectory of the same name as a data file.
2021-03-11 11:33:39 0 [Warning] InnoDB: Delete of file 'D:\Program\XAMPP\mysql\data\ibtmp1' failed.
2021-03-11 11:33:49 0 [ERROR] InnoDB: Operating system error number 5 in a file operation.
2021-03-11 11:33:49 0 [ERROR] InnoDB: The error means mysqld does not have the access rights to the directory. It may also be you have created a subdirectory of the same name as a data file.
2021-03-11 11:33:49 0 [Warning] InnoDB: Delete of file 'D:\Program\XAMPP\mysql\data\ibtmp1' failed.
2021-03-11 11:33:59 0 [ERROR] InnoDB: Operating system error number 5 in a file operation.
2021-03-11 11:33:59 0 [ERROR] InnoDB: The error means mysqld does not have the access rights to the directory. It may also be you have created a subdirectory of the same name as a data file.
2021-03-11 11:33:59 0 [Warning] InnoDB: Delete of file 'D:\Program\XAMPP\mysql\data\ibtmp1' failed.
2021-03-11 11:34:09 0 [ERROR] InnoDB: Operating system error number 5 in a file operation.
2021-03-11 11:34:09 0 [ERROR] InnoDB: The error means mysqld does not have the access rights to the directory. It may also be you have created a subdirectory of the same name as a data file.
2021-03-11 11:34:09 0 [Warning] InnoDB: Delete of file 'D:\Program\XAMPP\mysql\data\ibtmp1' failed.
2021-03-11 11:34:19 0 [ERROR] InnoDB: Operating system error number 5 in a file operation.
2021-03-11 11:34:19 0 [ERROR] InnoDB: The error means mysqld does not have the access rights to the directory. It may also be you have created a subdirectory of the same name as a data file.
2021-03-11 11:34:19 0 [Warning] InnoDB: Delete of file 'D:\Program\XAMPP\mysql\data\ibtmp1' failed.
2021-03-11 11:34:29 0 [ERROR] InnoDB: Operating system error number 5 in a file operation.
2021-03-11 11:34:29 0 [ERROR] InnoDB: The error means mysqld does not have the access rights to the directory. It may also be you have created a subdirectory of the same name as a data file.
2021-03-11 11:34:29 0 [Warning] InnoDB: Delete of file 'D:\Program\XAMPP\mysql\data\ibtmp1' failed.
2021-03-11 11:34:39 0 [ERROR] InnoDB: Operating system error number 5 in a file operation.
2021-03-11 11:34:39 0 [ERROR] InnoDB: The error means mysqld does not have the access rights to the directory. It may also be you have created a subdirectory of the same name as a data file.
2021-03-11 11:34:39 0 [Warning] InnoDB: Delete of file 'D:\Program\XAMPP\mysql\data\ibtmp1' failed.
2021-03-11 11:34:49 0 [ERROR] InnoDB: Operating system error number 5 in a file operation.
2021-03-11 11:34:49 0 [ERROR] InnoDB: The error means mysqld does not have the access rights to the directory. It may also be you have created a subdirectory of the same name as a data file.
2021-03-11 11:34:49 0 [Warning] InnoDB: Delete of file 'D:\Program\XAMPP\mysql\data\ibtmp1' failed.
2021-03-11 11:34:59 0 [ERROR] InnoDB: Operating system error number 5 in a file operation.
2021-03-11 11:34:59 0 [ERROR] InnoDB: The error means mysqld does not have the access rights to the directory. It may also be you have created a subdirectory of the same name as a data file.
2021-03-11 11:34:59 0 [Warning] InnoDB: Delete of file 'D:\Program\XAMPP\mysql\data\ibtmp1' failed.
2021-03-11 11:35:09 0 [ERROR] InnoDB: Operating system error number 5 in a file operation.
2021-03-11 11:35:09 0 [ERROR] InnoDB: The error means mysqld does not have the access rights to the directory. It may also be you have created a subdirectory of the same name as a data file.
2021-03-11 11:35:09 0 [Warning] InnoDB: Delete of file 'D:\Program\XAMPP\mysql\data\ibtmp1' failed.
2021-03-11 11:35:20 0 [ERROR] InnoDB: Operating system error number 5 in a file operation.
2021-03-11 11:35:20 0 [ERROR] InnoDB: The error means mysqld does not have the access rights to the directory. It may also be you have created a subdirectory of the same name as a data file.
2021-03-11 11:35:20 0 [Warning] InnoDB: Delete of file 'D:\Program\XAMPP\mysql\data\ibtmp1' failed.
2021-03-11 11:35:30 0 [ERROR] InnoDB: Operating system error number 5 in a file operation.
2021-03-11 11:35:30 0 [ERROR] InnoDB: The error means mysqld does not have the access rights to the directory. It may also be you have created a subdirectory of the same name as a data file.
2021-03-11 11:35:30 0 [Warning] InnoDB: Delete of file 'D:\Program\XAMPP\mysql\data\ibtmp1' failed.
2021-03-11 11:35:40 0 [ERROR] InnoDB: Operating system error number 5 in a file operation.
2021-03-11 11:35:40 0 [ERROR] InnoDB: The error means mysqld does not have the access rights to the directory. It may also be you have created a subdirectory of the same name as a data file.
2021-03-11 11:35:40 0 [Warning] InnoDB: Delete of file 'D:\Program\XAMPP\mysql\data\ibtmp1' failed.
2021-03-11 11:35:50 0 [ERROR] InnoDB: Operating system error number 5 in a file operation.
2021-03-11 11:35:50 0 [ERROR] InnoDB: The error means mysqld does not have the access rights to the directory. It may also be you have created a subdirectory of the same name as a data file.
2021-03-11 11:35:50 0 [Warning] InnoDB: Delete of file 'D:\Program\XAMPP\mysql\data\ibtmp1' failed.
2021-03-11 11:36:00 0 [ERROR] InnoDB: Operating system error number 5 in a file operation.
2021-03-11 11:36:00 0 [ERROR] InnoDB: The error means mysqld does not have the access rights to the directory. It may also be you have created a subdirectory of the same name as a data file.
2021-03-11 11:36:00 0 [Warning] InnoDB: Delete of file 'D:\Program\XAMPP\mysql\data\ibtmp1' failed.
2021-03-11 11:36:10 0 [ERROR] InnoDB: Operating system error number 5 in a file operation.
2021-03-11 11:36:10 0 [ERROR] InnoDB: The error means mysqld does not have the access rights to the directory. It may also be you have created a subdirectory of the same name as a data file.
2021-03-11 11:36:10 0 [Warning] InnoDB: Delete of file 'D:\Program\XAMPP\mysql\data\ibtmp1' failed.
2021-03-11 11:36:20 0 [ERROR] InnoDB: Operating system error number 5 in a file operation.
2021-03-11 11:36:20 0 [ERROR] InnoDB: The error means mysqld does not have the access rights to the directory. It may also be you have created a subdirectory of the same name as a data file.
2021-03-11 11:36:20 0 [Warning] InnoDB: Delete of file 'D:\Program\XAMPP\mysql\data\ibtmp1' failed.
2021-03-11 11:36:30 0 [ERROR] InnoDB: Operating system error number 5 in a file operation.
2021-03-11 11:36:30 0 [ERROR] InnoDB: The error means mysqld does not have the access rights to the directory. It may also be you have created a subdirectory of the same name as a data file.
2021-03-11 11:36:30 0 [Warning] InnoDB: Delete of file 'D:\Program\XAMPP\mysql\data\ibtmp1' failed.
2021-03-11 11:36:40 0 [ERROR] InnoDB: Operating system error number 5 in a file operation.
2021-03-11 11:36:40 0 [ERROR] InnoDB: The error means mysqld does not have the access rights to the directory. It may also be you have created a subdirectory of the same name as a data file.
2021-03-11 11:36:40 0 [Warning] InnoDB: Delete of file 'D:\Program\XAMPP\mysql\data\ibtmp1' failed.
2021-03-11 11:36:50 0 [ERROR] InnoDB: Operating system error number 5 in a file operation.
2021-03-11 11:36:50 0 [ERROR] InnoDB: The error means mysqld does not have the access rights to the directory. It may also be you have created a subdirectory of the same name as a data file.
2021-03-11 11:36:50 0 [Warning] InnoDB: Delete of file 'D:\Program\XAMPP\mysql\data\ibtmp1' failed.
2021-03-11 11:37:01 0 [ERROR] InnoDB: Operating system error number 5 in a file operation.
2021-03-11 11:37:01 0 [ERROR] InnoDB: The error means mysqld does not have the access rights to the directory. It may also be you have created a subdirectory of the same name as a data file.
2021-03-11 11:37:01 0 [Warning] InnoDB: Delete of file 'D:\Program\XAMPP\mysql\data\ibtmp1' failed.
2021-03-11 11:37:11 0 [ERROR] InnoDB: Operating system error number 5 in a file operation.
2021-03-11 11:37:11 0 [ERROR] InnoDB: The error means mysqld does not have the access rights to the directory. It may also be you have created a subdirectory of the same name as a data file.
2021-03-11 11:37:11 0 [Warning] InnoDB: Delete of file 'D:\Program\XAMPP\mysql\data\ibtmp1' failed.
2021-03-11 11:37:21 0 [ERROR] InnoDB: Operating system error number 5 in a file operation.
2021-03-11 11:37:21 0 [ERROR] InnoDB: The error means mysqld does not have the access rights to the directory. It may also be you have created a subdirectory of the same name as a data file.
2021-03-11 11:37:21 0 [Warning] InnoDB: Delete of file 'D:\Program\XAMPP\mysql\data\ibtmp1' failed.
2021-03-11 11:37:31 0 [ERROR] InnoDB: Operating system error number 5 in a file operation.
2021-03-11 11:37:31 0 [ERROR] InnoDB: The error means mysqld does not have the access rights to the directory. It may also be you have created a subdirectory of the same name as a data file.
2021-03-11 11:37:31 0 [Warning] InnoDB: Delete of file 'D:\Program\XAMPP\mysql\data\ibtmp1' failed.
2021-03-11 11:37:41 0 [ERROR] InnoDB: Operating system error number 5 in a file operation.
2021-03-11 11:37:41 0 [ERROR] InnoDB: The error means mysqld does not have the access rights to the directory. It may also be you have created a subdirectory of the same name as a data file.
2021-03-11 11:37:41 0 [Warning] InnoDB: Delete of file 'D:\Program\XAMPP\mysql\data\ibtmp1' failed.
InnoDB: using atomic writes.
2021-03-11 11:37:49 0 [Note] InnoDB: Mutexes and rw_locks use Windows interlocked functions
2021-03-11 11:37:49 0 [Note] InnoDB: Uses event mutexes
2021-03-11 11:37:49 0 [Note] InnoDB: Compressed tables use zlib 1.2.11
2021-03-11 11:37:49 0 [Note] InnoDB: Number of pools: 1
2021-03-11 11:37:49 0 [Note] InnoDB: Using SSE2 crc32 instructions
2021-03-11 11:37:49 0 [Note] InnoDB: Initializing buffer pool, total size = 16M, instances = 1, chunk size = 16M
2021-03-11 11:37:49 0 [Note] InnoDB: Completed initialization of buffer pool
2021-03-11 11:37:49 0 [Note] InnoDB: Starting crash recovery from checkpoint LSN=300288
2021-03-11 11:37:50 0 [Note] InnoDB: 128 out of 128 rollback segments are active.
2021-03-11 11:39:40 0 [ERROR] InnoDB: Operating system error number 5 in a file operation.
2021-03-11 11:39:40 0 [ERROR] InnoDB: The error means mysqld does not have the access rights to the directory. It may also be you have created a subdirectory of the same name as a data file.
2021-03-11 11:39:40 0 [Warning] InnoDB: Delete of file 'D:\Program\XAMPP\mysql\data\ibtmp1' failed.
2021-03-11 11:39:50 0 [ERROR] InnoDB: Operating system error number 5 in a file operation.
2021-03-11 11:39:50 0 [ERROR] InnoDB: The error means mysqld does not have the access rights to the directory. It may also be you have created a subdirectory of the same name as a data file.
2021-03-11 11:39:50 0 [Warning] InnoDB: Delete of file 'D:\Program\XAMPP\mysql\data\ibtmp1' failed.
2021-03-11 11:40:00 0 [ERROR] InnoDB: Operating system error number 5 in a file operation.
2021-03-11 11:40:00 0 [ERROR] InnoDB: The error means mysqld does not have the access rights to the directory. It may also be you have created a subdirectory of the same name as a data file.
2021-03-11 11:40:00 0 [Warning] InnoDB: Delete of file 'D:\Program\XAMPP\mysql\data\ibtmp1' failed.
2021-03-11 11:40:10 0 [ERROR] InnoDB: Operating system error number 5 in a file operation.
2021-03-11 11:40:10 0 [ERROR] InnoDB: The error means mysqld does not have the access rights to the directory. It may also be you have created a subdirectory of the same name as a data file.
2021-03-11 11:40:10 0 [Warning] InnoDB: Delete of file 'D:\Program\XAMPP\mysql\data\ibtmp1' failed.
2021-03-11 11:40:20 0 [ERROR] InnoDB: Operating system error number 5 in a file operation.
2021-03-11 11:40:20 0 [ERROR] InnoDB: The error means mysqld does not have the access rights to the directory. It may also be you have created a subdirectory of the same name as a data file.
2021-03-11 11:40:20 0 [Warning] InnoDB: Delete of file 'D:\Program\XAMPP\mysql\data\ibtmp1' failed.
InnoDB: using atomic writes.
2021-03-11 11:40:28 0 [Note] InnoDB: Mutexes and rw_locks use Windows interlocked functions
2021-03-11 11:40:28 0 [Note] InnoDB: Uses event mutexes
2021-03-11 11:40:28 0 [Note] InnoDB: Compressed tables use zlib 1.2.11
2021-03-11 11:40:28 0 [Note] InnoDB: Number of pools: 1
2021-03-11 11:40:28 0 [Note] InnoDB: Using SSE2 crc32 instructions
2021-03-11 11:40:28 0 [Note] InnoDB: Initializing buffer pool, total size = 16M, instances = 1, chunk size = 16M
2021-03-11 11:40:28 0 [Note] InnoDB: Completed initialization of buffer pool
2021-03-11 11:40:28 0 [Note] InnoDB: Starting crash recovery from checkpoint LSN=300288
2021-03-11 11:40:28 0 [Note] InnoDB: 128 out of 128 rollback segments are active.
2021-03-11 11:42:18 0 [ERROR] InnoDB: Operating system error number 5 in a file operation.
2021-03-11 11:42:18 0 [ERROR] InnoDB: The error means mysqld does not have the access rights to the directory. It may also be you have created a subdirectory of the same name as a data file.
2021-03-11 11:42:18 0 [Warning] InnoDB: Delete of file 'D:\Program\XAMPP\mysql\data\ibtmp1' failed.
2021-03-11 11:42:28 0 [ERROR] InnoDB: Operating system error number 5 in a file operation.
2021-03-11 11:42:28 0 [ERROR] InnoDB: The error means mysqld does not have the access rights to the directory. It may also be you have created a subdirectory of the same name as a data file.
2021-03-11 11:42:28 0 [Warning] InnoDB: Delete of file 'D:\Program\XAMPP\mysql\data\ibtmp1' failed.
2021-03-11 11:42:38 0 [ERROR] InnoDB: Operating system error number 5 in a file operation.
2021-03-11 11:42:38 0 [ERROR] InnoDB: The error means mysqld does not have the access rights to the directory. It may also be you have created a subdirectory of the same name as a data file.
2021-03-11 11:42:38 0 [Warning] InnoDB: Delete of file 'D:\Program\XAMPP\mysql\data\ibtmp1' failed.
2021-03-11 11:42:48 0 [ERROR] InnoDB: Operating system error number 5 in a file operation.
2021-03-11 11:42:48 0 [ERROR] InnoDB: The error means mysqld does not have the access rights to the directory. It may also be you have created a subdirectory of the same name as a data file.
2021-03-11 11:42:48 0 [Warning] InnoDB: Delete of file 'D:\Program\XAMPP\mysql\data\ibtmp1' failed.
2021-03-11 11:42:58 0 [ERROR] InnoDB: Operating system error number 5 in a file operation.
2021-03-11 11:42:58 0 [ERROR] InnoDB: The error means mysqld does not have the access rights to the directory. It may also be you have created a subdirectory of the same name as a data file.
2021-03-11 11:42:58 0 [Warning] InnoDB: Delete of file 'D:\Program\XAMPP\mysql\data\ibtmp1' failed.
2021-03-11 11:43:08 0 [ERROR] InnoDB: Operating system error number 5 in a file operation.
2021-03-11 11:43:08 0 [ERROR] InnoDB: The error means mysqld does not have the access rights to the directory. It may also be you have created a subdirectory of the same name as a data file.
2021-03-11 11:43:08 0 [Warning] InnoDB: Delete of file 'D:\Program\XAMPP\mysql\data\ibtmp1' failed.
2021-03-11 11:43:18 0 [ERROR] InnoDB: Operating system error number 5 in a file operation.
2021-03-11 11:43:18 0 [ERROR] InnoDB: The error means mysqld does not have the access rights to the directory. It may also be you have created a subdirectory of the same name as a data file.
2021-03-11 11:43:18 0 [Warning] InnoDB: Delete of file 'D:\Program\XAMPP\mysql\data\ibtmp1' failed.
2021-03-11 11:43:28 0 [ERROR] InnoDB: Operating system error number 5 in a file operation.
2021-03-11 11:43:28 0 [ERROR] InnoDB: The error means mysqld does not have the access rights to the directory. It may also be you have created a subdirectory of the same name as a data file.
2021-03-11 11:43:28 0 [Warning] InnoDB: Delete of file 'D:\Program\XAMPP\mysql\data\ibtmp1' failed.
2021-03-11 11:43:39 0 [ERROR] InnoDB: Operating system error number 5 in a file operation.
2021-03-11 11:43:39 0 [ERROR] InnoDB: The error means mysqld does not have the access rights to the directory. It may also be you have created a subdirectory of the same name as a data file.
2021-03-11 11:43:39 0 [Warning] InnoDB: Delete of file 'D:\Program\XAMPP\mysql\data\ibtmp1' failed.
2021-03-11 11:43:49 0 [ERROR] InnoDB: Operating system error number 5 in a file operation.
2021-03-11 11:43:49 0 [ERROR] InnoDB: The error means mysqld does not have the access rights to the directory. It may also be you have created a subdirectory of the same name as a data file.
2021-03-11 11:43:49 0 [Warning] InnoDB: Delete of file 'D:\Program\XAMPP\mysql\data\ibtmp1' failed.
2021-03-11 11:43:59 0 [ERROR] InnoDB: Operating system error number 5 in a file operation.
2021-03-11 11:43:59 0 [ERROR] InnoDB: The error means mysqld does not have the access rights to the directory. It may also be you have created a subdirectory of the same name as a data file.
2021-03-11 11:43:59 0 [Warning] InnoDB: Delete of file 'D:\Program\XAMPP\mysql\data\ibtmp1' failed.
2021-03-11 11:44:09 0 [ERROR] InnoDB: Operating system error number 5 in a file operation.
2021-03-11 11:44:09 0 [ERROR] InnoDB: The error means mysqld does not have the access rights to the directory. It may also be you have created a subdirectory of the same name as a data file.
2021-03-11 11:44:09 0 [Warning] InnoDB: Delete of file 'D:\Program\XAMPP\mysql\data\ibtmp1' failed.
2021-03-11 11:44:19 0 [ERROR] InnoDB: Operating system error number 5 in a file operation.
2021-03-11 11:44:19 0 [ERROR] InnoDB: The error means mysqld does not have the access rights to the directory. It may also be you have created a subdirectory of the same name as a data file.
2021-03-11 11:44:19 0 [Warning] InnoDB: Delete of file 'D:\Program\XAMPP\mysql\data\ibtmp1' failed.
2021-03-11 11:44:29 0 [ERROR] InnoDB: Operating system error number 5 in a file operation.
2021-03-11 11:44:29 0 [ERROR] InnoDB: The error means mysqld does not have the access rights to the directory. It may also be you have created a subdirectory of the same name as a data file.
2021-03-11 11:44:29 0 [Warning] InnoDB: Delete of file 'D:\Program\XAMPP\mysql\data\ibtmp1' failed.
2021-03-11 11:44:39 0 [ERROR] InnoDB: Operating system error number 5 in a file operation.
2021-03-11 11:44:39 0 [ERROR] InnoDB: The error means mysqld does not have the access rights to the directory. It may also be you have created a subdirectory of the same name as a data file.
2021-03-11 11:44:39 0 [Warning] InnoDB: Delete of file 'D:\Program\XAMPP\mysql\data\ibtmp1' failed.
2021-03-11 11:44:49 0 [ERROR] InnoDB: Operating system error number 5 in a file operation.
2021-03-11 11:44:49 0 [ERROR] InnoDB: The error means mysqld does not have the access rights to the directory. It may also be you have created a subdirectory of the same name as a data file.
2021-03-11 11:44:49 0 [Warning] InnoDB: Delete of file 'D:\Program\XAMPP\mysql\data\ibtmp1' failed.
2021-03-11 11:44:59 0 [ERROR] InnoDB: Operating system error number 5 in a file operation.
2021-03-11 11:44:59 0 [ERROR] InnoDB: The error means mysqld does not have the access rights to the directory. It may also be you have created a subdirectory of the same name as a data file.
2021-03-11 11:44:59 0 [Warning] InnoDB: Delete of file 'D:\Program\XAMPP\mysql\data\ibtmp1' failed.
2021-03-11 11:45:09 0 [ERROR] InnoDB: Operating system error number 5 in a file operation.
2021-03-11 11:45:09 0 [ERROR] InnoDB: The error means mysqld does not have the access rights to the directory. It may also be you have created a subdirectory of the same name as a data file.
2021-03-11 11:45:09 0 [Warning] InnoDB: Delete of file 'D:\Program\XAMPP\mysql\data\ibtmp1' failed.
2021-03-11 11:45:19 0 [ERROR] InnoDB: Operating system error number 5 in a file operation.
2021-03-11 11:45:19 0 [ERROR] InnoDB: The error means mysqld does not have the access rights to the directory. It may also be you have created a subdirectory of the same name as a data file.
2021-03-11 11:45:19 0 [Warning] InnoDB: Delete of file 'D:\Program\XAMPP\mysql\data\ibtmp1' failed.
2021-03-11 11:45:29 0 [ERROR] InnoDB: Operating system error number 5 in a file operation.
2021-03-11 11:45:29 0 [ERROR] InnoDB: The error means mysqld does not have the access rights to the directory. It may also be you have created a subdirectory of the same name as a data file.
2021-03-11 11:45:29 0 [Warning] InnoDB: Delete of file 'D:\Program\XAMPP\mysql\data\ibtmp1' failed.
2021-03-11 11:45:39 0 [ERROR] InnoDB: Operating system error number 5 in a file operation.
2021-03-11 11:45:39 0 [ERROR] InnoDB: The error means mysqld does not have the access rights to the directory. It may also be you have created a subdirectory of the same name as a data file.
2021-03-11 11:45:39 0 [Warning] InnoDB: Delete of file 'D:\Program\XAMPP\mysql\data\ibtmp1' failed.
2021-03-11 11:45:49 0 [ERROR] InnoDB: Operating system error number 5 in a file operation.
2021-03-11 11:45:49 0 [ERROR] InnoDB: The error means mysqld does not have the access rights to the directory. It may also be you have created a subdirectory of the same name as a data file.
2021-03-11 11:45:50 0 [Warning] InnoDB: Delete of file 'D:\Program\XAMPP\mysql\data\ibtmp1' failed.
2021-03-11 11:46:00 0 [ERROR] InnoDB: Operating system error number 5 in a file operation.
2021-03-11 11:46:00 0 [ERROR] InnoDB: The error means mysqld does not have the access rights to the directory. It may also be you have created a subdirectory of the same name as a data file.
2021-03-11 11:46:00 0 [Warning] InnoDB: Delete of file 'D:\Program\XAMPP\mysql\data\ibtmp1' failed.
2021-03-11 11:46:10 0 [ERROR] InnoDB: Operating system error number 5 in a file operation.
2021-03-11 11:46:10 0 [ERROR] InnoDB: The error means mysqld does not have the access rights to the directory. It may also be you have created a subdirectory of the same name as a data file.
2021-03-11 11:46:10 0 [Warning] InnoDB: Delete of file 'D:\Program\XAMPP\mysql\data\ibtmp1' failed.
2021-03-11 11:46:20 0 [ERROR] InnoDB: Operating system error number 5 in a file operation.
2021-03-11 11:46:20 0 [ERROR] InnoDB: The error means mysqld does not have the access rights to the directory. It may also be you have created a subdirectory of the same name as a data file.
2021-03-11 11:46:20 0 [Warning] InnoDB: Delete of file 'D:\Program\XAMPP\mysql\data\ibtmp1' failed.
2021-03-11 11:46:30 0 [ERROR] InnoDB: Operating system error number 5 in a file operation.
2021-03-11 11:46:30 0 [ERROR] InnoDB: The error means mysqld does not have the access rights to the directory. It may also be you have created a subdirectory of the same name as a data file.
2021-03-11 11:46:30 0 [Warning] InnoDB: Delete of file 'D:\Program\XAMPP\mysql\data\ibtmp1' failed.
2021-03-11 11:46:40 0 [ERROR] InnoDB: Operating system error number 5 in a file operation.
2021-03-11 11:46:40 0 [ERROR] InnoDB: The error means mysqld does not have the access rights to the directory. It may also be you have created a subdirectory of the same name as a data file.
2021-03-11 11:46:40 0 [Warning] InnoDB: Delete of file 'D:\Program\XAMPP\mysql\data\ibtmp1' failed.
2021-03-11 11:46:50 0 [ERROR] InnoDB: Operating system error number 5 in a file operation.
2021-03-11 11:46:50 0 [ERROR] InnoDB: The error means mysqld does not have the access rights to the directory. It may also be you have created a subdirectory of the same name as a data file.
2021-03-11 11:46:50 0 [Warning] InnoDB: Delete of file 'D:\Program\XAMPP\mysql\data\ibtmp1' failed.
2021-03-11 11:47:00 0 [ERROR] InnoDB: Operating system error number 5 in a file operation.
2021-03-11 11:47:00 0 [ERROR] InnoDB: The error means mysqld does not have the access rights to the directory. It may also be you have created a subdirectory of the same name as a data file.
2021-03-11 11:47:00 0 [Warning] InnoDB: Delete of file 'D:\Program\XAMPP\mysql\data\ibtmp1' failed.
2021-03-11 11:47:10 0 [ERROR] InnoDB: Operating system error number 5 in a file operation.
2021-03-11 11:47:10 0 [ERROR] InnoDB: The error means mysqld does not have the access rights to the directory. It may also be you have created a subdirectory of the same name as a data file.
2021-03-11 11:47:10 0 [Warning] InnoDB: Delete of file 'D:\Program\XAMPP\mysql\data\ibtmp1' failed.
2021-03-11 11:47:20 0 [ERROR] InnoDB: Operating system error number 5 in a file operation.
2021-03-11 11:47:20 0 [ERROR] InnoDB: The error means mysqld does not have the access rights to the directory. It may also be you have created a subdirectory of the same name as a data file.
2021-03-11 11:47:20 0 [Warning] InnoDB: Delete of file 'D:\Program\XAMPP\mysql\data\ibtmp1' failed.
2021-03-11 11:47:30 0 [ERROR] InnoDB: Operating system error number 5 in a file operation.
2021-03-11 11:47:30 0 [ERROR] InnoDB: The error means mysqld does not have the access rights to the directory. It may also be you have created a subdirectory of the same name as a data file.
2021-03-11 11:47:30 0 [Warning] InnoDB: Delete of file 'D:\Program\XAMPP\mysql\data\ibtmp1' failed.
2021-03-11 11:47:40 0 [ERROR] InnoDB: Operating system error number 5 in a file operation.
2021-03-11 11:47:40 0 [ERROR] InnoDB: The error means mysqld does not have the access rights to the directory. It may also be you have created a subdirectory of the same name as a data file.
2021-03-11 11:47:40 0 [Warning] InnoDB: Delete of file 'D:\Program\XAMPP\mysql\data\ibtmp1' failed.
2021-03-11 11:47:50 0 [ERROR] InnoDB: Operating system error number 5 in a file operation.
2021-03-11 11:47:50 0 [ERROR] InnoDB: The error means mysqld does not have the access rights to the directory. It may also be you have created a subdirectory of the same name as a data file.
2021-03-11 11:47:50 0 [Warning] InnoDB: Delete of file 'D:\Program\XAMPP\mysql\data\ibtmp1' failed.
2021-03-11 11:48:01 0 [ERROR] InnoDB: Operating system error number 5 in a file operation.
2021-03-11 11:48:01 0 [ERROR] InnoDB: The error means mysqld does not have the access rights to the directory. It may also be you have created a subdirectory of the same name as a data file.
2021-03-11 11:48:01 0 [Warning] InnoDB: Delete of file 'D:\Program\XAMPP\mysql\data\ibtmp1' failed.
2021-03-11 11:48:11 0 [ERROR] InnoDB: Operating system error number 5 in a file operation.
2021-03-11 11:48:11 0 [ERROR] InnoDB: The error means mysqld does not have the access rights to the directory. It may also be you have created a subdirectory of the same name as a data file.
2021-03-11 11:48:11 0 [Warning] InnoDB: Delete of file 'D:\Program\XAMPP\mysql\data\ibtmp1' failed.
InnoDB: using atomic writes.
2021-03-11 11:48:25 0 [Note] InnoDB: Mutexes and rw_locks use Windows interlocked functions
2021-03-11 11:48:25 0 [Note] InnoDB: Uses event mutexes
2021-03-11 11:48:25 0 [Note] InnoDB: Compressed tables use zlib 1.2.11
2021-03-11 11:48:25 0 [Note] InnoDB: Number of pools: 1
2021-03-11 11:48:25 0 [Note] InnoDB: Using SSE2 crc32 instructions
2021-03-11 11:48:25 0 [Note] InnoDB: Initializing buffer pool, total size = 16M, instances = 1, chunk size = 16M
2021-03-11 11:48:25 0 [Note] InnoDB: Completed initialization of buffer pool
2021-03-11 11:48:25 0 [Note] InnoDB: Starting crash recovery from checkpoint LSN=300288
2021-03-11 11:48:25 0 [Note] InnoDB: 128 out of 128 rollback segments are active.
2021-03-11 11:48:25 0 [Note] InnoDB: Removed temporary tablespace data file: "ibtmp1"
2021-03-11 11:48:25 0 [Note] InnoDB: Creating shared tablespace for temporary tables
2021-03-11 11:48:25 0 [Note] InnoDB: Setting file 'D:\Program\XAMPP\mysql\data\ibtmp1' size to 12 MB. Physically writing the file full; Please wait ...
2021-03-11 11:48:25 0 [Note] InnoDB: File 'D:\Program\XAMPP\mysql\data\ibtmp1' size is now 12 MB.
2021-03-11 11:48:25 0 [Note] InnoDB: Waiting for purge to start
2021-03-11 11:48:25 0 [Note] InnoDB: 10.4.17 started; log sequence number 300297; transaction id 170
2021-03-11 11:48:25 0 [Note] InnoDB: Loading buffer pool(s) from D:\Program\XAMPP\mysql\data\ib_buffer_pool
2021-03-11 11:48:25 0 [Note] Plugin 'FEEDBACK' is disabled.
2021-03-11 11:48:25 0 [Note] Server socket created on IP: '::'.
InnoDB: using atomic writes.
2021-03-11 13:23:07 0 [ERROR] InnoDB: The innodb_system data file 'ibdata1' must be writable
2021-03-11 13:23:07 0 [ERROR] InnoDB: The innodb_system data file 'ibdata1' must be writable
2021-03-11 13:23:07 0 [ERROR] Plugin 'InnoDB' init function returned error.
2021-03-11 13:23:07 0 [ERROR] Plugin 'InnoDB' registration as a STORAGE ENGINE failed.
2021-03-11 13:23:07 0 [Note] Plugin 'FEEDBACK' is disabled.
2021-03-11 13:23:07 0 [ERROR] Unknown/unsupported storage engine: InnoDB
2021-03-11 13:23:07 0 [ERROR] Aborting
InnoDB: using atomic writes.
2021-03-11 13:26:07 0 [Note] InnoDB: Mutexes and rw_locks use Windows interlocked functions
2021-03-11 13:26:07 0 [Note] InnoDB: Uses event mutexes
2021-03-11 13:26:07 0 [Note] InnoDB: Compressed tables use zlib 1.2.11
2021-03-11 13:26:07 0 [Note] InnoDB: Number of pools: 1
2021-03-11 13:26:07 0 [Note] InnoDB: Using SSE2 crc32 instructions
2021-03-11 13:26:07 0 [Note] InnoDB: Initializing buffer pool, total size = 16M, instances = 1, chunk size = 16M
2021-03-11 13:26:07 0 [Note] InnoDB: Completed initialization of buffer pool
2021-03-11 13:26:07 0 [Note] InnoDB: Starting crash recovery from checkpoint LSN=301607
2021-03-11 13:26:08 0 [Note] InnoDB: 128 out of 128 rollback segments are active.
InnoDB: using atomic writes.
2021-03-11 13:26:40 0 [Note] InnoDB: Mutexes and rw_locks use Windows interlocked functions
2021-03-11 13:26:40 0 [Note] InnoDB: Uses event mutexes
2021-03-11 13:26:40 0 [Note] InnoDB: Compressed tables use zlib 1.2.11
2021-03-11 13:26:40 0 [Note] InnoDB: Number of pools: 1
2021-03-11 13:26:40 0 [Note] InnoDB: Using SSE2 crc32 instructions
2021-03-11 13:26:40 0 [Note] InnoDB: Initializing buffer pool, total size = 16M, instances = 1, chunk size = 16M
2021-03-11 13:26:40 0 [Note] InnoDB: Completed initialization of buffer pool
2021-03-11 13:26:40 0 [Note] InnoDB: Starting crash recovery from checkpoint LSN=301607
2021-03-11 13:26:40 0 [Note] InnoDB: 128 out of 128 rollback segments are active.
2021-03-11 13:26:40 0 [Note] InnoDB: Removed temporary tablespace data file: "ibtmp1"
2021-03-11 13:26:40 0 [Note] InnoDB: Creating shared tablespace for temporary tables
2021-03-11 13:26:40 0 [Note] InnoDB: Setting file 'D:\Program\XAMPP\mysql\data\ibtmp1' size to 12 MB. Physically writing the file full; Please wait ...
2021-03-11 13:26:40 0 [Note] InnoDB: File 'D:\Program\XAMPP\mysql\data\ibtmp1' size is now 12 MB.
2021-03-11 13:26:40 0 [Note] InnoDB: Waiting for purge to start
2021-03-11 13:26:40 0 [Note] InnoDB: 10.4.17 started; log sequence number 301616; transaction id 199
2021-03-11 13:26:40 0 [Note] InnoDB: Loading buffer pool(s) from D:\Program\XAMPP\mysql\data\ib_buffer_pool
2021-03-11 13:26:40 0 [Note] Plugin 'FEEDBACK' is disabled.
2021-03-11 13:26:40 0 [Note] Server socket created on IP: '::'.
InnoDB: using atomic writes.
2021-03-11 18:22:01 0 [Note] InnoDB: Mutexes and rw_locks use Windows interlocked functions
2021-03-11 18:22:01 0 [Note] InnoDB: Uses event mutexes
2021-03-11 18:22:01 0 [Note] InnoDB: Compressed tables use zlib 1.2.11
2021-03-11 18:22:01 0 [Note] InnoDB: Number of pools: 1
2021-03-11 18:22:01 0 [Note] InnoDB: Using SSE2 crc32 instructions
2021-03-11 18:22:01 0 [Note] InnoDB: Initializing buffer pool, total size = 16M, instances = 1, chunk size = 16M
2021-03-11 18:22:01 0 [Note] InnoDB: Completed initialization of buffer pool
2021-03-11 18:22:01 0 [Note] InnoDB: Starting crash recovery from checkpoint LSN=307684
2021-03-11 18:22:03 0 [Note] InnoDB: 128 out of 128 rollback segments are active.
2021-03-11 18:22:03 0 [Note] InnoDB: Removed temporary tablespace data file: "ibtmp1"
2021-03-11 18:22:03 0 [Note] InnoDB: Creating shared tablespace for temporary tables
2021-03-11 18:22:03 0 [Note] InnoDB: Setting file 'D:\Program\XAMPP\mysql\data\ibtmp1' size to 12 MB. Physically writing the file full; Please wait ...
2021-03-11 18:22:03 0 [Note] InnoDB: File 'D:\Program\XAMPP\mysql\data\ibtmp1' size is now 12 MB.
2021-03-11 18:22:03 0 [Note] InnoDB: Waiting for purge to start
2021-03-11 18:22:03 0 [Note] InnoDB: Waiting for purge to start
2021-03-11 18:22:03 0 [Note] InnoDB: 10.4.17 started; log sequence number 307693; transaction id 228
2021-03-11 18:22:03 0 [Note] InnoDB: Loading buffer pool(s) from D:\Program\XAMPP\mysql\data\ib_buffer_pool
2021-03-11 18:22:03 0 [Note] Plugin 'FEEDBACK' is disabled.
2021-03-11 18:22:04 0 [Note] Server socket created on IP: '::'.
2021-03-11 18:22:04 0 [Note] InnoDB: Buffer pool(s) load completed at 210311 18:22:04
InnoDB: using atomic writes.
2021-03-12 21:16:37 0 [Note] InnoDB: Mutexes and rw_locks use Windows interlocked functions
2021-03-12 21:16:37 0 [Note] InnoDB: Uses event mutexes
2021-03-12 21:16:37 0 [Note] InnoDB: Compressed tables use zlib 1.2.11
2021-03-12 21:16:37 0 [Note] InnoDB: Number of pools: 1
2021-03-12 21:16:37 0 [Note] InnoDB: Using SSE2 crc32 instructions
2021-03-12 21:16:37 0 [Note] InnoDB: Initializing buffer pool, total size = 16M, instances = 1, chunk size = 16M
2021-03-12 21:16:37 0 [Note] InnoDB: Completed initialization of buffer pool
2021-03-12 21:16:37 0 [Note] InnoDB: Starting crash recovery from checkpoint LSN=441324
2021-03-12 21:16:39 0 [Note] InnoDB: 128 out of 128 rollback segments are active.
2021-03-12 21:16:39 0 [Note] InnoDB: Removed temporary tablespace data file: "ibtmp1"
2021-03-12 21:16:39 0 [Note] InnoDB: Creating shared tablespace for temporary tables
2021-03-12 21:16:39 0 [Note] InnoDB: Setting file 'D:\Program\XAMPP\mysql\data\ibtmp1' size to 12 MB. Physically writing the file full; Please wait ...
2021-03-12 21:16:39 0 [Note] InnoDB: File 'D:\Program\XAMPP\mysql\data\ibtmp1' size is now 12 MB.
2021-03-12 21:16:39 0 [Note] InnoDB: Waiting for purge to start
2021-03-12 21:16:39 0 [Note] InnoDB: 10.4.17 started; log sequence number 441333; transaction id 453
2021-03-12 21:16:39 0 [Note] InnoDB: Loading buffer pool(s) from D:\Program\XAMPP\mysql\data\ib_buffer_pool
2021-03-12 21:16:39 0 [Note] Plugin 'FEEDBACK' is disabled.
2021-03-12 21:16:39 0 [Note] Server socket created on IP: '::'.
InnoDB: using atomic writes.
2021-03-14  8:49:55 0 [Note] InnoDB: Mutexes and rw_locks use Windows interlocked functions
2021-03-14  8:49:55 0 [Note] InnoDB: Uses event mutexes
2021-03-14  8:49:55 0 [Note] InnoDB: Compressed tables use zlib 1.2.11
2021-03-14  8:49:55 0 [Note] InnoDB: Number of pools: 1
2021-03-14  8:49:55 0 [Note] InnoDB: Using SSE2 crc32 instructions
2021-03-14  8:49:55 0 [Note] InnoDB: Initializing buffer pool, total size = 16M, instances = 1, chunk size = 16M
2021-03-14  8:49:55 0 [Note] InnoDB: Completed initialization of buffer pool
2021-03-14  8:49:56 0 [Note] InnoDB: Starting crash recovery from checkpoint LSN=441358
2021-03-14  8:49:57 0 [Note] InnoDB: 128 out of 128 rollback segments are active.
2021-03-14  8:49:57 0 [Note] InnoDB: Removed temporary tablespace data file: "ibtmp1"
2021-03-14  8:49:57 0 [Note] InnoDB: Creating shared tablespace for temporary tables
2021-03-14  8:49:57 0 [Note] InnoDB: Setting file 'D:\Program\XAMPP\mysql\data\ibtmp1' size to 12 MB. Physically writing the file full; Please wait ...
2021-03-14  8:49:57 0 [Note] InnoDB: File 'D:\Program\XAMPP\mysql\data\ibtmp1' size is now 12 MB.
2021-03-14  8:49:57 0 [Note] InnoDB: Waiting for purge to start
2021-03-14  8:49:57 0 [Note] InnoDB: 10.4.17 started; log sequence number 441367; transaction id 453
2021-03-14  8:49:57 0 [Note] InnoDB: Loading buffer pool(s) from D:\Program\XAMPP\mysql\data\ib_buffer_pool
2021-03-14  8:49:57 0 [Note] Plugin 'FEEDBACK' is disabled.
2021-03-14  8:49:58 0 [Note] Server socket created on IP: '::'.
InnoDB: using atomic writes.
2021-03-14 21:33:32 0 [Note] InnoDB: Mutexes and rw_locks use Windows interlocked functions
2021-03-14 21:33:32 0 [Note] InnoDB: Uses event mutexes
2021-03-14 21:33:32 0 [Note] InnoDB: Compressed tables use zlib 1.2.11
2021-03-14 21:33:32 0 [Note] InnoDB: Number of pools: 1
2021-03-14 21:33:32 0 [Note] InnoDB: Using SSE2 crc32 instructions
2021-03-14 21:33:32 0 [Note] InnoDB: Initializing buffer pool, total size = 16M, instances = 1, chunk size = 16M
2021-03-14 21:33:32 0 [Note] InnoDB: Completed initialization of buffer pool
2021-03-14 21:33:32 0 [Note] InnoDB: Starting crash recovery from checkpoint LSN=451932
2021-03-14 21:33:34 0 [Note] InnoDB: 128 out of 128 rollback segments are active.
2021-03-14 21:33:34 0 [Note] InnoDB: Removed temporary tablespace data file: "ibtmp1"
2021-03-14 21:33:34 0 [Note] InnoDB: Creating shared tablespace for temporary tables
2021-03-14 21:33:34 0 [Note] InnoDB: Setting file 'D:\Program\XAMPP\mysql\data\ibtmp1' size to 12 MB. Physically writing the file full; Please wait ...
2021-03-14 21:33:34 0 [Note] InnoDB: File 'D:\Program\XAMPP\mysql\data\ibtmp1' size is now 12 MB.
2021-03-14 21:33:34 0 [Note] InnoDB: Waiting for purge to start
2021-03-14 21:33:34 0 [Note] InnoDB: 10.4.17 started; log sequence number 451941; transaction id 519
2021-03-14 21:33:34 0 [Note] InnoDB: Loading buffer pool(s) from D:\Program\XAMPP\mysql\data\ib_buffer_pool
2021-03-14 21:33:34 0 [Note] Plugin 'FEEDBACK' is disabled.
2021-03-14 21:33:35 0 [Note] InnoDB: Buffer pool(s) load completed at 210314 21:33:35
2021-03-14 21:33:35 0 [Note] Server socket created on IP: '::'.
